# JRE version: OpenJDK Runtime Environment (8.0_181-b13) (build 1.8.0_181-8u181-b13-0ubuntu0.18.04.1-b13)
# Java VM: OpenJDK 64-Bit Server VM (25.181-b13 mixed mode linux-amd64 compressed oops)
Heap:
 PSYoungGen      total 206336K, used 156204K [0x00000000eb780000, 0x00000000f8680000, 0x0000000100000000)
  eden space 201728K, 76% used [0x00000000eb780000,0x00000000f4e6eed8,0x00000000f7c80000)
  from space 4608K, 35% used [0x00000000f8200000,0x00000000f839c378,0x00000000f8680000)
  to   space 5120K, 0% used [0x00000000f7c80000,0x00000000f7c80000,0x00000000f8180000)
 ParOldGen       total 454144K, used 418355K [0x00000000c2600000, 0x00000000de180000, 0x00000000eb780000)
  object space 454144K, 92% used [0x00000000c2600000,0x00000000dbe8cea0,0x00000000de180000)
 Metaspace       used 15990K, capacity 16264K, committed 16512K, reserved 1064960K
  class space    used 1762K, capacity 1886K, committed 1920K, reserved 1048576K
GC Heap History (10 events):
Event: 1.828 GC heap before
{Heap before GC invocations=6 (full 0):
 PSYoungGen      total 34304K, used 34272K [0x00000000eb780000, 0x00000000efe80000, 0x0000000100000000)
  eden space 31744K, 100% used [0x00000000eb780000,0x00000000ed680000,0x00000000ed680000)
  from space 2560K, 98% used [0x00000000ed680000,0x00000000ed8f8020,0x00000000ed900000)
  to   space 4608K, 0% used [0x00000000efa00000,0x00000000efa00000,0x00000000efe80000)
 ParOldGen       total 145408K, used 107802K [0x00000000c2600000, 0x00000000cb400000, 0x00000000eb780000)
  object space 145408K, 74% used [0x00000000c2600000,0x00000000c8f46ba0,0x00000000cb400000)
 Metaspace       used 14710K, capacity 14918K, committed 15104K, reserved 1062912K
  class space    used 1655K, capacity 1747K, committed 1792K, reserved 1048576K
Event: 1.834 GC heap after
Heap after GC invocations=6 (full 0):
 PSYoungGen      total 67584K, used 2528K [0x00000000eb780000, 0x00000000eff80000, 0x0000000100000000)
  eden space 62976K, 0% used [0x00000000eb780000,0x00000000eb780000,0x00000000ef500000)
  from space 4608K, 54% used [0x00000000efa00000,0x00000000efc78020,0x00000000efe80000)
  to   space 5120K, 0% used [0x00000000ef500000,0x00000000ef500000,0x00000000efa00000)
 ParOldGen       total 145408K, used 107810K [0x00000000c2600000, 0x00000000cb400000, 0x00000000eb780000)
  object space 145408K, 74% used [0x00000000c2600000,0x00000000c8f48ba0,0x00000000cb400000)
 Metaspace       used 14710K, capacity 14918K, committed 15104K, reserved 1062912K
  class space    used 1655K, capacity 1747K, committed 1792K, reserved 1048576K
}
Event: 2.285 GC heap before
{Heap before GC invocations=7 (full 0):
 PSYoungGen      total 67584K, used 65504K [0x00000000eb780000, 0x00000000eff80000, 0x0000000100000000)
  eden space 62976K, 100% used [0x00000000eb780000,0x00000000ef500000,0x00000000ef500000)
  from space 4608K, 54% used [0x00000000efa00000,0x00000000efc78020,0x00000000efe80000)
  to   space 5120K, 0% used [0x00000000ef500000,0x00000000ef500000,0x00000000efa00000)
 ParOldGen       total 145408K, used 107810K [0x00000000c2600000, 0x00000000cb400000, 0x00000000eb780000)
  object space 145408K, 74% used [0x00000000c2600000,0x00000000c8f48ba0,0x00000000cb400000)
 Metaspace       used 14827K, capacity 15046K, committed 15360K, reserved 1062912K
  class space    used 1666K, capacity 1747K, committed 1792K, reserved 1048576K
Event: 2.291 GC heap after
Heap after GC invocations=7 (full 0):
 PSYoungGen      total 68096K, used 1360K [0x00000000eb780000, 0x00000000f3c80000, 0x0000000100000000)
  eden space 62976K, 0% used [0x00000000eb780000,0x00000000eb780000,0x00000000ef500000)
  from space 5120K, 26% used [0x00000000ef500000,0x00000000ef654010,0x00000000efa00000)
  to   space 5120K, 0% used [0x00000000f3780000,0x00000000f3780000,0x00000000f3c80000)
 ParOldGen       total 145408K, used 109165K [0x00000000c2600000, 0x00000000cb400000, 0x00000000eb780000)
  object space 145408K, 75% used [0x00000000c2600000,0x00000000c909b7e8,0x00000000cb400000)
 Metaspace       used 14827K, capacity 15046K, committed 15360K, reserved 1062912K
  class space    used 1666K, capacity 1747K, committed 1792K, reserved 1048576K
}
Event: 2.709 GC heap before
{Heap before GC invocations=8 (full 0):
 PSYoungGen      total 68096K, used 64336K [0x00000000eb780000, 0x00000000f3c80000, 0x0000000100000000)
  eden space 62976K, 100% used [0x00000000eb780000,0x00000000ef500000,0x00000000ef500000)
  from space 5120K, 26% used [0x00000000ef500000,0x00000000ef654010,0x00000000efa00000)
  to   space 5120K, 0% used [0x00000000f3780000,0x00000000f3780000,0x00000000f3c80000)
 ParOldGen       total 145408K, used 109165K [0x00000000c2600000, 0x00000000cb400000, 0x00000000eb780000)
  object space 145408K, 75% used [0x00000000c2600000,0x00000000c909b7e8,0x00000000cb400000)
 Metaspace       used 15629K, capacity 15864K, committed 16000K, reserved 1062912K
  class space    used 1744K, capacity 1846K, committed 1920K, reserved 1048576K
Event: 2.716 GC heap after
Heap after GC invocations=8 (full 0):
 PSYoungGen      total 131072K, used 1823K [0x00000000eb780000, 0x00000000f3c80000, 0x0000000100000000)
  eden space 125952K, 0% used [0x00000000eb780000,0x00000000eb780000,0x00000000f3280000)
  from space 5120K, 35% used [0x00000000f3780000,0x00000000f3947ee0,0x00000000f3c80000)
  to   space 5120K, 0% used [0x00000000f3280000,0x00000000f3280000,0x00000000f3780000)
 ParOldGen       total 145408K, used 109995K [0x00000000c2600000, 0x00000000cb400000, 0x00000000eb780000)
  object space 145408K, 75% used [0x00000000c2600000,0x00000000c916acd0,0x00000000cb400000)
 Metaspace       used 15629K, capacity 15864K, committed 16000K, reserved 1062912K
  class space    used 1744K, capacity 1846K, committed 1920K, reserved 1048576K
}
Event: 3.055 GC heap before
{Heap before GC invocations=9 (full 0):
 PSYoungGen      total 131072K, used 127775K [0x00000000eb780000, 0x00000000f3c80000, 0x0000000100000000)
  eden space 125952K, 100% used [0x00000000eb780000,0x00000000f3280000,0x00000000f3280000)
  from space 5120K, 35% used [0x00000000f3780000,0x00000000f3947ee0,0x00000000f3c80000)
  to   space 5120K, 0% used [0x00000000f3280000,0x00000000f3280000,0x00000000f3780000)
 ParOldGen       total 145408K, used 109995K [0x00000000c2600000, 0x00000000cb400000, 0x00000000eb780000)
  object space 145408K, 75% used [0x00000000c2600000,0x00000000c916acd0,0x00000000cb400000)
 Metaspace       used 15738K, capacity 15992K, committed 16256K, reserved 1062912K
  class space    used 1744K, capacity 1846K, committed 1920K, reserved 1048576K
Event: 3.058 GC heap after
Heap after GC invocations=9 (full 0):
 PSYoungGen      total 131072K, used 992K [0x00000000eb780000, 0x00000000f8780000, 0x0000000100000000)
  eden space 125952K, 0% used [0x00000000eb780000,0x00000000eb780000,0x00000000f3280000)
  from space 5120K, 19% used [0x00000000f3280000,0x00000000f3378060,0x00000000f3780000)
  to   space 5632K, 0% used [0x00000000f8200000,0x00000000f8200000,0x00000000f8780000)
 ParOldGen       total 145408K, used 110327K [0x00000000c2600000, 0x00000000cb400000, 0x00000000eb780000)
  object space 145408K, 75% used [0x00000000c2600000,0x00000000c91bdd20,0x00000000cb400000)
 Metaspace       used 15738K, capacity 15992K, committed 16256K, reserved 1062912K
  class space    used 1744K, capacity 1846K, committed 1920K, reserved 1048576K
}
Event: 4.039 GC heap before
{Heap before GC invocations=10 (full 0):
 PSYoungGen      total 131072K, used 126944K [0x00000000eb780000, 0x00000000f8780000, 0x0000000100000000)
  eden space 125952K, 100% used [0x00000000eb780000,0x00000000f3280000,0x00000000f3280000)
  from space 5120K, 19% used [0x00000000f3280000,0x00000000f3378060,0x00000000f3780000)
  to   space 5632K, 0% used [0x00000000f8200000,0x00000000f8200000,0x00000000f8780000)
 ParOldGen       total 454144K, used 417527K [0x00000000c2600000, 0x00000000de180000, 0x00000000eb780000)
  object space 454144K, 91% used [0x00000000c2600000,0x00000000dbdbdd50,0x00000000de180000)
 Metaspace       used 15959K, capacity 16258K, committed 16512K, reserved 1064960K
  class space    used 1761K, capacity 1885K, committed 1920K, reserved 1048576K
Event: 4.044 GC heap after
Heap after GC invocations=10 (full 0):
 PSYoungGen      total 206336K, used 1648K [0x00000000eb780000, 0x00000000f8680000, 0x0000000100000000)
  eden space 201728K, 0% used [0x00000000eb780000,0x00000000eb780000,0x00000000f7c80000)
  from space 4608K, 35% used [0x00000000f8200000,0x00000000f839c378,0x00000000f8680000)
  to   space 5120K, 0% used [0x00000000f7c80000,0x00000000f7c80000,0x00000000f8180000)
 ParOldGen       total 454144K, used 418355K [0x00000000c2600000, 0x00000000de180000, 0x00000000eb780000)
  object space 454144K, 92% used [0x00000000c2600000,0x00000000dbe8cea0,0x00000000de180000)
 Metaspace       used 15959K, capacity 16258K, committed 16512K, reserved 1064960K
  class space    used 1761K, capacity 1885K, committed 1920K, reserved 1048576K
}

