# JRE version: OpenJDK Runtime Environment (8.0_181-b13) (build 1.8.0_181-8u181-b13-0ubuntu0.18.04.1-b13)
# Java VM: OpenJDK 64-Bit Server VM (25.181-b13 mixed mode linux-amd64 compressed oops)
Heap:
 PSYoungGen      total 69120K, used 8814K [0x00000000eb780000, 0x00000000f0080000, 0x0000000100000000)
  eden space 63488K, 7% used [0x00000000eb780000,0x00000000ebc16d30,0x00000000ef580000)
  from space 5632K, 73% used [0x00000000efb00000,0x00000000eff04b90,0x00000000f0080000)
  to   space 5632K, 0% used [0x00000000ef580000,0x00000000ef580000,0x00000000efb00000)
 ParOldGen       total 145408K, used 109538K [0x00000000c2600000, 0x00000000cb400000, 0x00000000eb780000)
  object space 145408K, 75% used [0x00000000c2600000,0x00000000c90f88f8,0x00000000cb400000)
 Metaspace       used 15520K, capacity 15802K, committed 16000K, reserved 1062912K
  class space    used 1756K, capacity 1875K, committed 1920K, reserved 1048576K
GC Heap History (10 events):
Event: 0.794 GC heap before
{Heap before GC invocations=2 (full 0):
 PSYoungGen      total 18432K, used 18418K [0x00000000eb780000, 0x00000000ecc00000, 0x0000000100000000)
  eden space 15872K, 100% used [0x00000000eb780000,0x00000000ec700000,0x00000000ec700000)
  from space 2560K, 99% used [0x00000000ec700000,0x00000000ec97c990,0x00000000ec980000)
  to   space 2560K, 0% used [0x00000000ec980000,0x00000000ec980000,0x00000000ecc00000)
 ParOldGen       total 42496K, used 488K [0x00000000c2600000, 0x00000000c4f80000, 0x00000000eb780000)
  object space 42496K, 1% used [0x00000000c2600000,0x00000000c267a008,0x00000000c4f80000)
 Metaspace       used 9693K, capacity 9970K, committed 10112K, reserved 1058816K
  class space    used 1061K, capacity 1129K, committed 1152K, reserved 1048576K
Event: 0.798 GC heap after
Heap after GC invocations=2 (full 0):
 PSYoungGen      total 18432K, used 2540K [0x00000000eb780000, 0x00000000edb80000, 0x0000000100000000)
  eden space 15872K, 0% used [0x00000000eb780000,0x00000000eb780000,0x00000000ec700000)
  from space 2560K, 99% used [0x00000000ec980000,0x00000000ecbfb208,0x00000000ecc00000)
  to   space 2560K, 0% used [0x00000000ec700000,0x00000000ec700000,0x00000000ec980000)
 ParOldGen       total 42496K, used 993K [0x00000000c2600000, 0x00000000c4f80000, 0x00000000eb780000)
  object space 42496K, 2% used [0x00000000c2600000,0x00000000c26f8458,0x00000000c4f80000)
 Metaspace       used 9693K, capacity 9970K, committed 10112K, reserved 1058816K
  class space    used 1061K, capacity 1129K, committed 1152K, reserved 1048576K
}
Event: 1.039 GC heap before
{Heap before GC invocations=3 (full 0):
 PSYoungGen      total 18432K, used 18412K [0x00000000eb780000, 0x00000000edb80000, 0x0000000100000000)
  eden space 15872K, 100% used [0x00000000eb780000,0x00000000ec700000,0x00000000ec700000)
  from space 2560K, 99% used [0x00000000ec980000,0x00000000ecbfb208,0x00000000ecc00000)
  to   space 2560K, 0% used [0x00000000ec700000,0x00000000ec700000,0x00000000ec980000)
 ParOldGen       total 42496K, used 993K [0x00000000c2600000, 0x00000000c4f80000, 0x00000000eb780000)
  object space 42496K, 2% used [0x00000000c2600000,0x00000000c26f8458,0x00000000c4f80000)
 Metaspace       used 11940K, capacity 12192K, committed 12544K, reserved 1060864K
  class space    used 1340K, capacity 1421K, committed 1536K, reserved 1048576K
Event: 1.044 GC heap after
Heap after GC invocations=3 (full 0):
 PSYoungGen      total 18432K, used 2528K [0x00000000eb780000, 0x00000000edb80000, 0x0000000100000000)
  eden space 15872K, 0% used [0x00000000eb780000,0x00000000eb780000,0x00000000ec700000)
  from space 2560K, 98% used [0x00000000ec700000,0x00000000ec978020,0x00000000ec980000)
  to   space 2560K, 0% used [0x00000000ed900000,0x00000000ed900000,0x00000000edb80000)
 ParOldGen       total 42496K, used 2555K [0x00000000c2600000, 0x00000000c4f80000, 0x00000000eb780000)
  object space 42496K, 6% used [0x00000000c2600000,0x00000000c287ec18,0x00000000c4f80000)
 Metaspace       used 11940K, capacity 12192K, committed 12544K, reserved 1060864K
  class space    used 1340K, capacity 1421K, committed 1536K, reserved 1048576K
}
Event: 1.294 GC heap before
{Heap before GC invocations=4 (full 0):
 PSYoungGen      total 18432K, used 18400K [0x00000000eb780000, 0x00000000edb80000, 0x0000000100000000)
  eden space 15872K, 100% used [0x00000000eb780000,0x00000000ec700000,0x00000000ec700000)
  from space 2560K, 98% used [0x00000000ec700000,0x00000000ec978020,0x00000000ec980000)
  to   space 2560K, 0% used [0x00000000ed900000,0x00000000ed900000,0x00000000edb80000)
 ParOldGen       total 42496K, used 2555K [0x00000000c2600000, 0x00000000c4f80000, 0x00000000eb780000)
  object space 42496K, 6% used [0x00000000c2600000,0x00000000c287ec18,0x00000000c4f80000)
 Metaspace       used 13428K, capacity 13602K, committed 13696K, reserved 1060864K
  class space    used 1513K, capacity 1615K, committed 1664K, reserved 1048576K
Event: 1.299 GC heap after
Heap after GC invocations=4 (full 0):
 PSYoungGen      total 34304K, used 2560K [0x00000000eb780000, 0x00000000edb80000, 0x0000000100000000)
  eden space 31744K, 0% used [0x00000000eb780000,0x00000000eb780000,0x00000000ed680000)
  from space 2560K, 100% used [0x00000000ed900000,0x00000000edb80000,0x00000000edb80000)
  to   space 2560K, 0% used [0x00000000ed680000,0x00000000ed680000,0x00000000ed900000)
 ParOldGen       total 42496K, used 4798K [0x00000000c2600000, 0x00000000c4f80000, 0x00000000eb780000)
  object space 42496K, 11% used [0x00000000c2600000,0x00000000c2aafa18,0x00000000c4f80000)
 Metaspace       used 13428K, capacity 13602K, committed 13696K, reserved 1060864K
  class space    used 1513K, capacity 1615K, committed 1664K, reserved 1048576K
}
Event: 1.685 GC heap before
{Heap before GC invocations=5 (full 0):
 PSYoungGen      total 34304K, used 34304K [0x00000000eb780000, 0x00000000edb80000, 0x0000000100000000)
  eden space 31744K, 100% used [0x00000000eb780000,0x00000000ed680000,0x00000000ed680000)
  from space 2560K, 100% used [0x00000000ed900000,0x00000000edb80000,0x00000000edb80000)
  to   space 2560K, 0% used [0x00000000ed680000,0x00000000ed680000,0x00000000ed900000)
 ParOldGen       total 145408K, used 107198K [0x00000000c2600000, 0x00000000cb400000, 0x00000000eb780000)
  object space 145408K, 73% used [0x00000000c2600000,0x00000000c8eafa28,0x00000000cb400000)
 Metaspace       used 15108K, capacity 15386K, committed 15744K, reserved 1062912K
  class space    used 1710K, capacity 1843K, committed 1920K, reserved 1048576K
Event: 1.695 GC heap after
Heap after GC invocations=5 (full 0):
 PSYoungGen      total 34304K, used 2528K [0x00000000eb780000, 0x00000000f0080000, 0x0000000100000000)
  eden space 31744K, 0% used [0x00000000eb780000,0x00000000eb780000,0x00000000ed680000)
  from space 2560K, 98% used [0x00000000ed680000,0x00000000ed8f8040,0x00000000ed900000)
  to   space 5632K, 0% used [0x00000000efb00000,0x00000000efb00000,0x00000000f0080000)
 ParOldGen       total 145408K, used 109530K [0x00000000c2600000, 0x00000000cb400000, 0x00000000eb780000)
  object space 145408K, 75% used [0x00000000c2600000,0x00000000c90f68f8,0x00000000cb400000)
 Metaspace       used 15108K, capacity 15386K, committed 15744K, reserved 1062912K
  class space    used 1710K, capacity 1843K, committed 1920K, reserved 1048576K
}
Event: 2.809 GC heap before
{Heap before GC invocations=6 (full 0):
 PSYoungGen      total 34304K, used 34272K [0x00000000eb780000, 0x00000000f0080000, 0x0000000100000000)
  eden space 31744K, 100% used [0x00000000eb780000,0x00000000ed680000,0x00000000ed680000)
  from space 2560K, 98% used [0x00000000ed680000,0x00000000ed8f8040,0x00000000ed900000)
  to   space 5632K, 0% used [0x00000000efb00000,0x00000000efb00000,0x00000000f0080000)
 ParOldGen       total 145408K, used 109530K [0x00000000c2600000, 0x00000000cb400000, 0x00000000eb780000)
  object space 145408K, 75% used [0x00000000c2600000,0x00000000c90f68f8,0x00000000cb400000)
 Metaspace       used 15513K, capacity 15802K, committed 16000K, reserved 1062912K
  class space    used 1756K, capacity 1875K, committed 1920K, reserved 1048576K
Event: 2.820 GC heap after
Heap after GC invocations=6 (full 0):
 PSYoungGen      total 69120K, used 4114K [0x00000000eb780000, 0x00000000f0080000, 0x0000000100000000)
  eden space 63488K, 0% used [0x00000000eb780000,0x00000000eb780000,0x00000000ef580000)
  from space 5632K, 73% used [0x00000000efb00000,0x00000000eff04b90,0x00000000f0080000)
  to   space 5632K, 0% used [0x00000000ef580000,0x00000000ef580000,0x00000000efb00000)
 ParOldGen       total 145408K, used 109538K [0x00000000c2600000, 0x00000000cb400000, 0x00000000eb780000)
  object space 145408K, 75% used [0x00000000c2600000,0x00000000c90f88f8,0x00000000cb400000)
 Metaspace       used 15513K, capacity 15802K, committed 16000K, reserved 1062912K
  class space    used 1756K, capacity 1875K, committed 1920K, reserved 1048576K
}

