# JRE version: OpenJDK Runtime Environment (8.0_181-b13) (build 1.8.0_181-8u181-b13-0ubuntu0.18.04.1-b13)
# Java VM: OpenJDK 64-Bit Server VM (25.181-b13 mixed mode linux-amd64 compressed oops)
Heap:
 PSYoungGen      total 207360K, used 158910K [0x00000000eb780000, 0x00000000f8780000, 0x0000000100000000)
  eden space 201728K, 77% used [0x00000000eb780000,0x00000000f510f6b8,0x00000000f7c80000)
  from space 5632K, 29% used [0x00000000f8200000,0x00000000f83a0368,0x00000000f8780000)
  to   space 5632K, 0% used [0x00000000f7c80000,0x00000000f7c80000,0x00000000f8200000)
 ParOldGen       total 454144K, used 418479K [0x00000000c2600000, 0x00000000de180000, 0x00000000eb780000)
  object space 454144K, 92% used [0x00000000c2600000,0x00000000dbeabd80,0x00000000de180000)
 Metaspace       used 15985K, capacity 16256K, committed 16512K, reserved 1064960K
  class space    used 1762K, capacity 1886K, committed 1920K, reserved 1048576K
GC Heap History (10 events):
Event: 2.091 GC heap before
{Heap before GC invocations=6 (full 0):
 PSYoungGen      total 34304K, used 34284K [0x00000000eb780000, 0x00000000efe80000, 0x0000000100000000)
  eden space 31744K, 100% used [0x00000000eb780000,0x00000000ed680000,0x00000000ed680000)
  from space 2560K, 99% used [0x00000000ed680000,0x00000000ed8fb070,0x00000000ed900000)
  to   space 4608K, 0% used [0x00000000efa00000,0x00000000efa00000,0x00000000efe80000)
 ParOldGen       total 145408K, used 107933K [0x00000000c2600000, 0x00000000cb400000, 0x00000000eb780000)
  object space 145408K, 74% used [0x00000000c2600000,0x00000000c8f67618,0x00000000cb400000)
 Metaspace       used 14705K, capacity 14910K, committed 15104K, reserved 1062912K
  class space    used 1655K, capacity 1747K, committed 1792K, reserved 1048576K
Event: 2.102 GC heap after
Heap after GC invocations=6 (full 0):
 PSYoungGen      total 67584K, used 2540K [0x00000000eb780000, 0x00000000eff80000, 0x0000000100000000)
  eden space 62976K, 0% used [0x00000000eb780000,0x00000000eb780000,0x00000000ef500000)
  from space 4608K, 55% used [0x00000000efa00000,0x00000000efc7b070,0x00000000efe80000)
  to   space 5120K, 0% used [0x00000000ef500000,0x00000000ef500000,0x00000000efa00000)
 ParOldGen       total 145408K, used 107933K [0x00000000c2600000, 0x00000000cb400000, 0x00000000eb780000)
  object space 145408K, 74% used [0x00000000c2600000,0x00000000c8f67618,0x00000000cb400000)
 Metaspace       used 14705K, capacity 14910K, committed 15104K, reserved 1062912K
  class space    used 1655K, capacity 1747K, committed 1792K, reserved 1048576K
}
Event: 2.593 GC heap before
{Heap before GC invocations=7 (full 0):
 PSYoungGen      total 67584K, used 65516K [0x00000000eb780000, 0x00000000eff80000, 0x0000000100000000)
  eden space 62976K, 100% used [0x00000000eb780000,0x00000000ef500000,0x00000000ef500000)
  from space 4608K, 55% used [0x00000000efa00000,0x00000000efc7b070,0x00000000efe80000)
  to   space 5120K, 0% used [0x00000000ef500000,0x00000000ef500000,0x00000000efa00000)
 ParOldGen       total 145408K, used 107933K [0x00000000c2600000, 0x00000000cb400000, 0x00000000eb780000)
  object space 145408K, 74% used [0x00000000c2600000,0x00000000c8f67618,0x00000000cb400000)
 Metaspace       used 14821K, capacity 15038K, committed 15360K, reserved 1062912K
  class space    used 1666K, capacity 1747K, committed 1792K, reserved 1048576K
Event: 2.597 GC heap after
Heap after GC invocations=7 (full 0):
 PSYoungGen      total 68096K, used 1580K [0x00000000eb780000, 0x00000000f3c80000, 0x0000000100000000)
  eden space 62976K, 0% used [0x00000000eb780000,0x00000000eb780000,0x00000000ef500000)
  from space 5120K, 30% used [0x00000000ef500000,0x00000000ef68b050,0x00000000efa00000)
  to   space 5120K, 0% used [0x00000000f3780000,0x00000000f3780000,0x00000000f3c80000)
 ParOldGen       total 145408K, used 108989K [0x00000000c2600000, 0x00000000cb400000, 0x00000000eb780000)
  object space 145408K, 74% used [0x00000000c2600000,0x00000000c906f6a8,0x00000000cb400000)
 Metaspace       used 14821K, capacity 15038K, committed 15360K, reserved 1062912K
  class space    used 1666K, capacity 1747K, committed 1792K, reserved 1048576K
}
Event: 3.067 GC heap before
{Heap before GC invocations=8 (full 0):
 PSYoungGen      total 68096K, used 64556K [0x00000000eb780000, 0x00000000f3c80000, 0x0000000100000000)
  eden space 62976K, 100% used [0x00000000eb780000,0x00000000ef500000,0x00000000ef500000)
  from space 5120K, 30% used [0x00000000ef500000,0x00000000ef68b050,0x00000000efa00000)
  to   space 5120K, 0% used [0x00000000f3780000,0x00000000f3780000,0x00000000f3c80000)
 ParOldGen       total 145408K, used 108989K [0x00000000c2600000, 0x00000000cb400000, 0x00000000eb780000)
  object space 145408K, 74% used [0x00000000c2600000,0x00000000c906f6a8,0x00000000cb400000)
 Metaspace       used 15613K, capacity 15856K, committed 16000K, reserved 1062912K
  class space    used 1744K, capacity 1846K, committed 1920K, reserved 1048576K
Event: 3.078 GC heap after
Heap after GC invocations=8 (full 0):
 PSYoungGen      total 131072K, used 1855K [0x00000000eb780000, 0x00000000f3c80000, 0x0000000100000000)
  eden space 125952K, 0% used [0x00000000eb780000,0x00000000eb780000,0x00000000f3280000)
  from space 5120K, 36% used [0x00000000f3780000,0x00000000f394fee0,0x00000000f3c80000)
  to   space 5120K, 0% used [0x00000000f3280000,0x00000000f3280000,0x00000000f3780000)
 ParOldGen       total 145408K, used 110090K [0x00000000c2600000, 0x00000000cb400000, 0x00000000eb780000)
  object space 145408K, 75% used [0x00000000c2600000,0x00000000c9182bd0,0x00000000cb400000)
 Metaspace       used 15613K, capacity 15856K, committed 16000K, reserved 1062912K
  class space    used 1744K, capacity 1846K, committed 1920K, reserved 1048576K
}
Event: 3.503 GC heap before
{Heap before GC invocations=9 (full 0):
 PSYoungGen      total 131072K, used 127807K [0x00000000eb780000, 0x00000000f3c80000, 0x0000000100000000)
  eden space 125952K, 100% used [0x00000000eb780000,0x00000000f3280000,0x00000000f3280000)
  from space 5120K, 36% used [0x00000000f3780000,0x00000000f394fee0,0x00000000f3c80000)
  to   space 5120K, 0% used [0x00000000f3280000,0x00000000f3280000,0x00000000f3780000)
 ParOldGen       total 145408K, used 110090K [0x00000000c2600000, 0x00000000cb400000, 0x00000000eb780000)
  object space 145408K, 75% used [0x00000000c2600000,0x00000000c9182bd0,0x00000000cb400000)
 Metaspace       used 15732K, capacity 15984K, committed 16256K, reserved 1062912K
  class space    used 1744K, capacity 1846K, committed 1920K, reserved 1048576K
Event: 3.506 GC heap after
Heap after GC invocations=9 (full 0):
 PSYoungGen      total 131072K, used 1008K [0x00000000eb780000, 0x00000000f8780000, 0x0000000100000000)
  eden space 125952K, 0% used [0x00000000eb780000,0x00000000eb780000,0x00000000f3280000)
  from space 5120K, 19% used [0x00000000f3280000,0x00000000f337c050,0x00000000f3780000)
  to   space 5632K, 0% used [0x00000000f8200000,0x00000000f8200000,0x00000000f8780000)
 ParOldGen       total 145408K, used 110447K [0x00000000c2600000, 0x00000000cb400000, 0x00000000eb780000)
  object space 145408K, 75% used [0x00000000c2600000,0x00000000c91dbc20,0x00000000cb400000)
 Metaspace       used 15732K, capacity 15984K, committed 16256K, reserved 1062912K
  class space    used 1744K, capacity 1846K, committed 1920K, reserved 1048576K
}
Event: 4.273 GC heap before
{Heap before GC invocations=10 (full 0):
 PSYoungGen      total 131072K, used 126960K [0x00000000eb780000, 0x00000000f8780000, 0x0000000100000000)
  eden space 125952K, 100% used [0x00000000eb780000,0x00000000f3280000,0x00000000f3280000)
  from space 5120K, 19% used [0x00000000f3280000,0x00000000f337c050,0x00000000f3780000)
  to   space 5632K, 0% used [0x00000000f8200000,0x00000000f8200000,0x00000000f8780000)
 ParOldGen       total 454144K, used 417647K [0x00000000c2600000, 0x00000000de180000, 0x00000000eb780000)
  object space 454144K, 91% used [0x00000000c2600000,0x00000000dbddbc50,0x00000000de180000)
 Metaspace       used 15959K, capacity 16250K, committed 16512K, reserved 1064960K
  class space    used 1761K, capacity 1885K, committed 1920K, reserved 1048576K
Event: 4.280 GC heap after
Heap after GC invocations=10 (full 0):
 PSYoungGen      total 207360K, used 1664K [0x00000000eb780000, 0x00000000f8780000, 0x0000000100000000)
  eden space 201728K, 0% used [0x00000000eb780000,0x00000000eb780000,0x00000000f7c80000)
  from space 5632K, 29% used [0x00000000f8200000,0x00000000f83a0368,0x00000000f8780000)
  to   space 5632K, 0% used [0x00000000f7c80000,0x00000000f7c80000,0x00000000f8200000)
 ParOldGen       total 454144K, used 418479K [0x00000000c2600000, 0x00000000de180000, 0x00000000eb780000)
  object space 454144K, 92% used [0x00000000c2600000,0x00000000dbeabd80,0x00000000de180000)
 Metaspace       used 15959K, capacity 16250K, committed 16512K, reserved 1064960K
  class space    used 1761K, capacity 1885K, committed 1920K, reserved 1048576K
}

